# JRE version: Java(TM) SE Runtime Environment (8.0_144-b01) (build 1.8.0_144-b01)
# Java VM: Java HotSpot(TM) 64-Bit Server VM (25.144-b01 mixed mode windows-amd64 compressed oops)
Heap:
 PSYoungGen      total 269824K, used 39225K [0x000000076b780000, 0x0000000786900000, 0x00000007c0000000)
  eden space 257024K, 10% used [0x000000076b780000,0x000000076d154ba0,0x000000077b280000)
  from space 12800K, 99% used [0x000000077b280000,0x000000077bef98f0,0x000000077bf00000)
  to   space 17920K, 0% used [0x0000000785780000,0x0000000785780000,0x0000000786900000)
 ParOldGen       total 77312K, used 26264K [0x00000006c2600000, 0x00000006c7180000, 0x000000076b780000)
  object space 77312K, 33% used [0x00000006c2600000,0x00000006c3fa6020,0x00000006c7180000)
 Metaspace       used 31544K, capacity 33188K, committed 33280K, reserved 1079296K
  class space    used 4017K, capacity 4343K, committed 4352K, reserved 1048576K
GC Heap History (10 events):
Event: 37.363 GC heap before
{Heap before GC invocations=6 (full 1):
 PSYoungGen      total 75776K, used 72155K [0x000000076b780000, 0x0000000774a00000, 0x00000007c0000000)
  eden space 65024K, 99% used [0x000000076b780000,0x000000076f6dbf00,0x000000076f700000)
  from space 10752K, 67% used [0x0000000770180000,0x000000077089ad10,0x0000000770c00000)
  to   space 10752K, 0% used [0x000000076f700000,0x000000076f700000,0x0000000770180000)
 ParOldGen       total 77312K, used 10356K [0x00000006c2600000, 0x00000006c7180000, 0x000000076b780000)
  object space 77312K, 13% used [0x00000006c2600000,0x00000006c301d350,0x00000006c7180000)
 Metaspace       used 29711K, capacity 31258K, committed 31360K, reserved 1077248K
  class space    used 3892K, capacity 4198K, committed 4224K, reserved 1048576K
Event: 37.367 GC heap after
Heap after GC invocations=6 (full 1):
 PSYoungGen      total 75776K, used 7246K [0x000000076b780000, 0x0000000774e80000, 0x00000007c0000000)
  eden space 65024K, 0% used [0x000000076b780000,0x000000076b780000,0x000000076f700000)
  from space 10752K, 67% used [0x000000076f700000,0x000000076fe139c8,0x0000000770180000)
  to   space 12800K, 0% used [0x0000000774200000,0x0000000774200000,0x0000000774e80000)
 ParOldGen       total 77312K, used 10364K [0x00000006c2600000, 0x00000006c7180000, 0x000000076b780000)
  object space 77312K, 13% used [0x00000006c2600000,0x00000006c301f350,0x00000006c7180000)
 Metaspace       used 29711K, capacity 31258K, committed 31360K, reserved 1077248K
  class space    used 3892K, capacity 4198K, committed 4224K, reserved 1048576K
}
Event: 37.380 GC heap before
{Heap before GC invocations=7 (full 1):
 PSYoungGen      total 75776K, used 72250K [0x000000076b780000, 0x0000000774e80000, 0x00000007c0000000)
  eden space 65024K, 99% used [0x000000076b780000,0x000000076f6fb070,0x000000076f700000)
  from space 10752K, 67% used [0x000000076f700000,0x000000076fe139c8,0x0000000770180000)
  to   space 12800K, 0% used [0x0000000774200000,0x0000000774200000,0x0000000774e80000)
 ParOldGen       total 77312K, used 10364K [0x00000006c2600000, 0x00000006c7180000, 0x000000076b780000)
  object space 77312K, 13% used [0x00000006c2600000,0x00000006c301f350,0x00000006c7180000)
 Metaspace       used 29711K, capacity 31258K, committed 31360K, reserved 1077248K
  class space    used 3892K, capacity 4198K, committed 4224K, reserved 1048576K
Event: 37.385 GC heap after
Heap after GC invocations=7 (full 1):
 PSYoungGen      total 141824K, used 7189K [0x000000076b780000, 0x0000000774e00000, 0x00000007c0000000)
  eden space 129536K, 0% used [0x000000076b780000,0x000000076b780000,0x0000000773600000)
  from space 12288K, 58% used [0x0000000774200000,0x0000000774905648,0x0000000774e00000)
  to   space 12288K, 0% used [0x0000000773600000,0x0000000773600000,0x0000000774200000)
 ParOldGen       total 77312K, used 10372K [0x00000006c2600000, 0x00000006c7180000, 0x000000076b780000)
  object space 77312K, 13% used [0x00000006c2600000,0x00000006c3021350,0x00000006c7180000)
 Metaspace       used 29711K, capacity 31258K, committed 31360K, reserved 1077248K
  class space    used 3892K, capacity 4198K, committed 4224K, reserved 1048576K
}
Event: 41.208 GC heap before
{Heap before GC invocations=8 (full 1):
 PSYoungGen      total 141824K, used 136725K [0x000000076b780000, 0x0000000774e00000, 0x00000007c0000000)
  eden space 129536K, 100% used [0x000000076b780000,0x0000000773600000,0x0000000773600000)
  from space 12288K, 58% used [0x0000000774200000,0x0000000774905648,0x0000000774e00000)
  to   space 12288K, 0% used [0x0000000773600000,0x0000000773600000,0x0000000774200000)
 ParOldGen       total 77312K, used 10372K [0x00000006c2600000, 0x00000006c7180000, 0x000000076b780000)
  object space 77312K, 13% used [0x00000006c2600000,0x00000006c3021350,0x00000006c7180000)
 Metaspace       used 30783K, capacity 32310K, committed 32512K, reserved 1077248K
  class space    used 3979K, capacity 4296K, committed 4352K, reserved 1048576K
Event: 41.218 GC heap after
Heap after GC invocations=8 (full 1):
 PSYoungGen      total 141824K, used 10445K [0x000000076b780000, 0x000000077cc00000, 0x00000007c0000000)
  eden space 129536K, 0% used [0x000000076b780000,0x000000076b780000,0x0000000773600000)
  from space 12288K, 85% used [0x0000000773600000,0x0000000774033430,0x0000000774200000)
  to   space 12800K, 0% used [0x000000077bf80000,0x000000077bf80000,0x000000077cc00000)
 ParOldGen       total 77312K, used 15317K [0x00000006c2600000, 0x00000006c7180000, 0x000000076b780000)
  object space 77312K, 19% used [0x00000006c2600000,0x00000006c34f55a0,0x00000006c7180000)
 Metaspace       used 30783K, capacity 32310K, committed 32512K, reserved 1077248K
  class space    used 3979K, capacity 4296K, committed 4352K, reserved 1048576K
}
Event: 44.119 GC heap before
{Heap before GC invocations=9 (full 1):
 PSYoungGen      total 141824K, used 139981K [0x000000076b780000, 0x000000077cc00000, 0x00000007c0000000)
  eden space 129536K, 100% used [0x000000076b780000,0x0000000773600000,0x0000000773600000)
  from space 12288K, 85% used [0x0000000773600000,0x0000000774033430,0x0000000774200000)
  to   space 12800K, 0% used [0x000000077bf80000,0x000000077bf80000,0x000000077cc00000)
 ParOldGen       total 77312K, used 15317K [0x00000006c2600000, 0x00000006c7180000, 0x000000076b780000)
  object space 77312K, 19% used [0x00000006c2600000,0x00000006c34f55a0,0x00000006c7180000)
 Metaspace       used 31074K, capacity 32646K, committed 32768K, reserved 1077248K
  class space    used 3981K, capacity 4296K, committed 4352K, reserved 1048576K
Event: 44.125 GC heap after
Heap after GC invocations=9 (full 1):
 PSYoungGen      total 269312K, used 9295K [0x000000076b780000, 0x000000077cb80000, 0x00000007c0000000)
  eden space 257024K, 0% used [0x000000076b780000,0x000000076b780000,0x000000077b280000)
  from space 12288K, 75% used [0x000000077bf80000,0x000000077c893ea8,0x000000077cb80000)
  to   space 12800K, 0% used [0x000000077b280000,0x000000077b280000,0x000000077bf00000)
 ParOldGen       total 77312K, used 16235K [0x00000006c2600000, 0x00000006c7180000, 0x000000076b780000)
  object space 77312K, 20% used [0x00000006c2600000,0x00000006c35dac78,0x00000006c7180000)
 Metaspace       used 31074K, capacity 32646K, committed 32768K, reserved 1077248K
  class space    used 3981K, capacity 4296K, committed 4352K, reserved 1048576K
}
Event: 50.046 GC heap before
{Heap before GC invocations=10 (full 1):
 PSYoungGen      total 269312K, used 266319K [0x000000076b780000, 0x000000077cb80000, 0x00000007c0000000)
  eden space 257024K, 100% used [0x000000076b780000,0x000000077b280000,0x000000077b280000)
  from space 12288K, 75% used [0x000000077bf80000,0x000000077c893ea8,0x000000077cb80000)
  to   space 12800K, 0% used [0x000000077b280000,0x000000077b280000,0x000000077bf00000)
 ParOldGen       total 77312K, used 16235K [0x00000006c2600000, 0x00000006c7180000, 0x000000076b780000)
  object space 77312K, 20% used [0x00000006c2600000,0x00000006c35dac78,0x00000006c7180000)
 Metaspace       used 31456K, capacity 33086K, committed 33280K, reserved 1079296K
  class space    used 4005K, capacity 4308K, committed 4352K, reserved 1048576K
Event: 50.058 GC heap after
Heap after GC invocations=10 (full 1):
 PSYoungGen      total 269824K, used 12774K [0x000000076b780000, 0x0000000786900000, 0x00000007c0000000)
  eden space 257024K, 0% used [0x000000076b780000,0x000000076b780000,0x000000077b280000)
  from space 12800K, 99% used [0x000000077b280000,0x000000077bef98f0,0x000000077bf00000)
  to   space 17920K, 0% used [0x0000000785780000,0x0000000785780000,0x0000000786900000)
 ParOldGen       total 77312K, used 26264K [0x00000006c2600000, 0x00000006c7180000, 0x000000076b780000)
  object space 77312K, 33% used [0x00000006c2600000,0x00000006c3fa6020,0x00000006c7180000)
 Metaspace       used 31456K, capacity 33086K, committed 33280K, reserved 1079296K
  class space    used 4005K, capacity 4308K, committed 4352K, reserved 1048576K
}

