# JRE version: Java(TM) SE Runtime Environment (8.0_144-b01) (build 1.8.0_144-b01)
# Java VM: Java HotSpot(TM) 64-Bit Server VM (25.144-b01 mixed mode windows-amd64 compressed oops)
Heap:
 PSYoungGen      total 75776K, used 24568K [0x000000076b780000, 0x0000000770c00000, 0x00000007c0000000)
  eden space 65024K, 27% used [0x000000076b780000,0x000000076c8d7f18,0x000000076f700000)
  from space 10752K, 63% used [0x0000000770180000,0x0000000770826400,0x0000000770c00000)
  to   space 10752K, 0% used [0x000000076f700000,0x000000076f700000,0x0000000770180000)
 ParOldGen       total 77312K, used 10278K [0x00000006c2600000, 0x00000006c7180000, 0x000000076b780000)
  object space 77312K, 13% used [0x00000006c2600000,0x00000006c30098a0,0x00000006c7180000)
 Metaspace       used 29459K, capacity 31016K, committed 31104K, reserved 1077248K
  class space    used 3865K, capacity 4165K, committed 4224K, reserved 1048576K
GC Heap History (6 events):
Event: 8.355 GC heap before
{Heap before GC invocations=1 (full 0):
 PSYoungGen      total 75776K, used 57676K [0x000000076b780000, 0x0000000770c00000, 0x00000007c0000000)
  eden space 65024K, 88% used [0x000000076b780000,0x000000076efd3390,0x000000076f700000)
  from space 10752K, 0% used [0x0000000770180000,0x0000000770180000,0x0000000770c00000)
  to   space 10752K, 0% used [0x000000076f700000,0x000000076f700000,0x0000000770180000)
 ParOldGen       total 173568K, used 0K [0x00000006c2600000, 0x00000006ccf80000, 0x000000076b780000)
  object space 173568K, 0% used [0x00000006c2600000,0x00000006c2600000,0x00000006ccf80000)
 Metaspace       used 20482K, capacity 21238K, committed 21296K, reserved 1067008K
  class space    used 2711K, capacity 2928K, committed 2944K, reserved 1048576K
Event: 8.362 GC heap after
Heap after GC invocations=1 (full 0):
 PSYoungGen      total 75776K, used 10741K [0x000000076b780000, 0x0000000770c00000, 0x00000007c0000000)
  eden space 65024K, 0% used [0x000000076b780000,0x000000076b780000,0x000000076f700000)
  from space 10752K, 99% used [0x000000076f700000,0x000000077017d530,0x0000000770180000)
  to   space 10752K, 0% used [0x0000000770180000,0x0000000770180000,0x0000000770c00000)
 ParOldGen       total 173568K, used 1720K [0x00000006c2600000, 0x00000006ccf80000, 0x000000076b780000)
  object space 173568K, 0% used [0x00000006c2600000,0x00000006c27ae300,0x00000006ccf80000)
 Metaspace       used 20482K, capacity 21238K, committed 21296K, reserved 1067008K
  class space    used 2711K, capacity 2928K, committed 2944K, reserved 1048576K
}
Event: 8.362 GC heap before
{Heap before GC invocations=2 (full 1):
 PSYoungGen      total 75776K, used 10741K [0x000000076b780000, 0x0000000770c00000, 0x00000007c0000000)
  eden space 65024K, 0% used [0x000000076b780000,0x000000076b780000,0x000000076f700000)
  from space 10752K, 99% used [0x000000076f700000,0x000000077017d530,0x0000000770180000)
  to   space 10752K, 0% used [0x0000000770180000,0x0000000770180000,0x0000000770c00000)
 ParOldGen       total 173568K, used 1720K [0x00000006c2600000, 0x00000006ccf80000, 0x000000076b780000)
  object space 173568K, 0% used [0x00000006c2600000,0x00000006c27ae300,0x00000006ccf80000)
 Metaspace       used 20482K, capacity 21238K, committed 21296K, reserved 1067008K
  class space    used 2711K, capacity 2928K, committed 2944K, reserved 1048576K
Event: 8.384 GC heap after
Heap after GC invocations=2 (full 1):
 PSYoungGen      total 75776K, used 0K [0x000000076b780000, 0x0000000770c00000, 0x00000007c0000000)
  eden space 65024K, 0% used [0x000000076b780000,0x000000076b780000,0x000000076f700000)
  from space 10752K, 0% used [0x000000076f700000,0x000000076f700000,0x0000000770180000)
  to   space 10752K, 0% used [0x0000000770180000,0x0000000770180000,0x0000000770c00000)
 ParOldGen       total 77312K, used 10262K [0x00000006c2600000, 0x00000006c7180000, 0x000000076b780000)
  object space 77312K, 13% used [0x00000006c2600000,0x00000006c30058a0,0x00000006c7180000)
 Metaspace       used 20482K, capacity 21238K, committed 21296K, reserved 1067008K
  class space    used 2711K, capacity 2928K, committed 2944K, reserved 1048576K
}
Event: 41.182 GC heap before
{Heap before GC invocations=3 (full 1):
 PSYoungGen      total 75776K, used 65024K [0x000000076b780000, 0x0000000770c00000, 0x00000007c0000000)
  eden space 65024K, 100% used [0x000000076b780000,0x000000076f700000,0x000000076f700000)
  from space 10752K, 0% used [0x000000076f700000,0x000000076f700000,0x0000000770180000)
  to   space 10752K, 0% used [0x0000000770180000,0x0000000770180000,0x0000000770c00000)
 ParOldGen       total 77312K, used 10262K [0x00000006c2600000, 0x00000006c7180000, 0x000000076b780000)
  object space 77312K, 13% used [0x00000006c2600000,0x00000006c30058a0,0x00000006c7180000)
 Metaspace       used 29275K, capacity 30678K, committed 30848K, reserved 1075200K
  class space    used 3850K, capacity 4124K, committed 4224K, reserved 1048576K
Event: 41.189 GC heap after
Heap after GC invocations=3 (full 1):
 PSYoungGen      total 75776K, used 6809K [0x000000076b780000, 0x0000000770c00000, 0x00000007c0000000)
  eden space 65024K, 0% used [0x000000076b780000,0x000000076b780000,0x000000076f700000)
  from space 10752K, 63% used [0x0000000770180000,0x0000000770826400,0x0000000770c00000)
  to   space 10752K, 0% used [0x000000076f700000,0x000000076f700000,0x0000000770180000)
 ParOldGen       total 77312K, used 10278K [0x00000006c2600000, 0x00000006c7180000, 0x000000076b780000)
  object space 77312K, 13% used [0x00000006c2600000,0x00000006c30098a0,0x00000006c7180000)
 Metaspace       used 29275K, capacity 30678K, committed 30848K, reserved 1075200K
  class space    used 3850K, capacity 4124K, committed 4224K, reserved 1048576K
}

